<?xml version="1.0" encoding="UTF-8"?>
<testsuite xmlns:xsi="http://www.w3.org/2001/XMLSchema-instance" xsi:noNamespaceSchemaLocation="https://maven.apache.org/surefire/maven-surefire-plugin/xsd/surefire-test-report.xsd" name="org.foo.bar.springrest.SpringrestApplicationTests" time="9.242" tests="1" errors="0" skipped="0" failures="0">
  <properties>
    <property name="sun.desktop" value="windows"/>
    <property name="awt.toolkit" value="sun.awt.windows.WToolkit"/>
    <property name="file.encoding.pkg" value="sun.io"/>
    <property name="java.specification.version" value="1.8"/>
    <property name="sun.jnu.encoding" value="Cp1252"/>
    <property name="java.class.path" value="C:\Users\p454uej\Downloads\springrest\target\test-classes;C:\Users\p454uej\Downloads\springrest\target\classes;C:\Users\p454uej\.m2\repository\org\apache\cxf\cxf-spring-boot-starter-jaxrs\3.2.5\cxf-spring-boot-starter-jaxrs-3.2.5.jar;C:\Users\p454uej\.m2\repository\org\springframework\boot\spring-boot-starter\2.0.4.RELEASE\spring-boot-starter-2.0.4.RELEASE.jar;C:\Users\p454uej\.m2\repository\org\springframework\boot\spring-boot\2.0.4.RELEASE\spring-boot-2.0.4.RELEASE.jar;C:\Users\p454uej\.m2\repository\org\springframework\boot\spring-boot-autoconfigure\2.0.4.RELEASE\spring-boot-autoconfigure-2.0.4.RELEASE.jar;C:\Users\p454uej\.m2\repository\org\springframework\boot\spring-boot-starter-logging\2.0.4.RELEASE\spring-boot-starter-logging-2.0.4.RELEASE.jar;C:\Users\p454uej\.m2\repository\ch\qos\logback\logback-classic\1.2.3\logback-classic-1.2.3.jar;C:\Users\p454uej\.m2\repository\ch\qos\logback\logback-core\1.2.3\logback-core-1.2.3.jar;C:\Users\p454uej\.m2\repository\org\apache\logging\log4j\log4j-to-slf4j\2.10.0\log4j-to-slf4j-2.10.0.jar;C:\Users\p454uej\.m2\repository\org\apache\logging\log4j\log4j-api\2.10.0\log4j-api-2.10.0.jar;C:\Users\p454uej\.m2\repository\org\slf4j\jul-to-slf4j\1.7.25\jul-to-slf4j-1.7.25.jar;C:\Users\p454uej\.m2\repository\javax\annotation\javax.annotation-api\1.3.2\javax.annotation-api-1.3.2.jar;C:\Users\p454uej\.m2\repository\org\yaml\snakeyaml\1.19\snakeyaml-1.19.jar;C:\Users\p454uej\.m2\repository\org\springframework\boot\spring-boot-starter-web\2.0.4.RELEASE\spring-boot-starter-web-2.0.4.RELEASE.jar;C:\Users\p454uej\.m2\repository\org\springframework\boot\spring-boot-starter-json\2.0.4.RELEASE\spring-boot-starter-json-2.0.4.RELEASE.jar;C:\Users\p454uej\.m2\repository\com\fasterxml\jackson\core\jackson-databind\2.9.6\jackson-databind-2.9.6.jar;C:\Users\p454uej\.m2\repository\com\fasterxml\jackson\core\jackson-annotations\2.9.0\jackson-annotations-2.9.0.jar;C:\Users\p454uej\.m2\repository\com\fasterxml\jackson\core\jackson-core\2.9.6\jackson-core-2.9.6.jar;C:\Users\p454uej\.m2\repository\com\fasterxml\jackson\datatype\jackson-datatype-jdk8\2.9.6\jackson-datatype-jdk8-2.9.6.jar;C:\Users\p454uej\.m2\repository\com\fasterxml\jackson\datatype\jackson-datatype-jsr310\2.9.6\jackson-datatype-jsr310-2.9.6.jar;C:\Users\p454uej\.m2\repository\com\fasterxml\jackson\module\jackson-module-parameter-names\2.9.6\jackson-module-parameter-names-2.9.6.jar;C:\Users\p454uej\.m2\repository\org\springframework\boot\spring-boot-starter-tomcat\2.0.4.RELEASE\spring-boot-starter-tomcat-2.0.4.RELEASE.jar;C:\Users\p454uej\.m2\repository\org\apache\tomcat\embed\tomcat-embed-core\8.5.32\tomcat-embed-core-8.5.32.jar;C:\Users\p454uej\.m2\repository\org\apache\tomcat\embed\tomcat-embed-el\8.5.32\tomcat-embed-el-8.5.32.jar;C:\Users\p454uej\.m2\repository\org\apache\tomcat\embed\tomcat-embed-websocket\8.5.32\tomcat-embed-websocket-8.5.32.jar;C:\Users\p454uej\.m2\repository\org\hibernate\validator\hibernate-validator\6.0.11.Final\hibernate-validator-6.0.11.Final.jar;C:\Users\p454uej\.m2\repository\org\jboss\logging\jboss-logging\3.3.2.Final\jboss-logging-3.3.2.Final.jar;C:\Users\p454uej\.m2\repository\com\fasterxml\classmate\1.3.4\classmate-1.3.4.jar;C:\Users\p454uej\.m2\repository\org\springframework\spring-web\5.0.8.RELEASE\spring-web-5.0.8.RELEASE.jar;C:\Users\p454uej\.m2\repository\org\springframework\spring-webmvc\5.0.8.RELEASE\spring-webmvc-5.0.8.RELEASE.jar;C:\Users\p454uej\.m2\repository\org\apache\cxf\cxf-spring-boot-autoconfigure\3.2.5\cxf-spring-boot-autoconfigure-3.2.5.jar;C:\Users\p454uej\.m2\repository\org\apache\cxf\cxf-rt-transports-http\3.2.5\cxf-rt-transports-http-3.2.5.jar;C:\Users\p454uej\.m2\repository\org\apache\cxf\cxf-core\3.2.5\cxf-core-3.2.5.jar;C:\Users\p454uej\.m2\repository\com\fasterxml\woodstox\woodstox-core\5.0.3\woodstox-core-5.0.3.jar;C:\Users\p454uej\.m2\repository\org\codehaus\woodstox\stax2-api\3.1.4\stax2-api-3.1.4.jar;C:\Users\p454uej\.m2\repository\org\apache\ws\xmlschema\xmlschema-core\2.2.3\xmlschema-core-2.2.3.jar;C:\Users\p454uej\.m2\repository\org\apache\cxf\cxf-rt-frontend-jaxrs\3.2.5\cxf-rt-frontend-jaxrs-3.2.5.jar;C:\Users\p454uej\.m2\repository\javax\ws\rs\javax.ws.rs-api\2.1\javax.ws.rs-api-2.1.jar;C:\Users\p454uej\.m2\repository\org\apache\cxf\cxf-rt-rs-client\3.2.5\cxf-rt-rs-client-3.2.5.jar;C:\Users\p454uej\.m2\repository\javax\validation\validation-api\2.0.1.Final\validation-api-2.0.1.Final.jar;C:\Users\p454uej\.m2\repository\xalan\xalan\2.7.2\xalan-2.7.2.jar;C:\Users\p454uej\.m2\repository\xalan\serializer\2.7.2\serializer-2.7.2.jar;C:\Users\p454uej\.m2\repository\org\springframework\boot\spring-boot-starter-test\2.0.4.RELEASE\spring-boot-starter-test-2.0.4.RELEASE.jar;C:\Users\p454uej\.m2\repository\org\springframework\boot\spring-boot-test\2.0.4.RELEASE\spring-boot-test-2.0.4.RELEASE.jar;C:\Users\p454uej\.m2\repository\org\springframework\boot\spring-boot-test-autoconfigure\2.0.4.RELEASE\spring-boot-test-autoconfigure-2.0.4.RELEASE.jar;C:\Users\p454uej\.m2\repository\com\jayway\jsonpath\json-path\2.4.0\json-path-2.4.0.jar;C:\Users\p454uej\.m2\repository\net\minidev\json-smart\2.3\json-smart-2.3.jar;C:\Users\p454uej\.m2\repository\net\minidev\accessors-smart\1.2\accessors-smart-1.2.jar;C:\Users\p454uej\.m2\repository\org\ow2\asm\asm\5.0.4\asm-5.0.4.jar;C:\Users\p454uej\.m2\repository\org\slf4j\slf4j-api\1.7.25\slf4j-api-1.7.25.jar;C:\Users\p454uej\.m2\repository\junit\junit\4.12\junit-4.12.jar;C:\Users\p454uej\.m2\repository\org\assertj\assertj-core\3.9.1\assertj-core-3.9.1.jar;C:\Users\p454uej\.m2\repository\org\mockito\mockito-core\2.15.0\mockito-core-2.15.0.jar;C:\Users\p454uej\.m2\repository\net\bytebuddy\byte-buddy\1.7.11\byte-buddy-1.7.11.jar;C:\Users\p454uej\.m2\repository\net\bytebuddy\byte-buddy-agent\1.7.11\byte-buddy-agent-1.7.11.jar;C:\Users\p454uej\.m2\repository\org\objenesis\objenesis\2.6\objenesis-2.6.jar;C:\Users\p454uej\.m2\repository\org\hamcrest\hamcrest-core\1.3\hamcrest-core-1.3.jar;C:\Users\p454uej\.m2\repository\org\hamcrest\hamcrest-library\1.3\hamcrest-library-1.3.jar;C:\Users\p454uej\.m2\repository\org\skyscreamer\jsonassert\1.5.0\jsonassert-1.5.0.jar;C:\Users\p454uej\.m2\repository\com\vaadin\external\google\android-json\0.0.20131108.vaadin1\android-json-0.0.20131108.vaadin1.jar;C:\Users\p454uej\.m2\repository\org\springframework\spring-core\5.0.8.RELEASE\spring-core-5.0.8.RELEASE.jar;C:\Users\p454uej\.m2\repository\org\springframework\spring-jcl\5.0.8.RELEASE\spring-jcl-5.0.8.RELEASE.jar;C:\Users\p454uej\.m2\repository\org\springframework\spring-test\5.0.8.RELEASE\spring-test-5.0.8.RELEASE.jar;C:\Users\p454uej\.m2\repository\org\xmlunit\xmlunit-core\2.5.1\xmlunit-core-2.5.1.jar;C:\Users\p454uej\.m2\repository\org\springframework\boot\spring-boot-starter-security\2.0.4.RELEASE\spring-boot-starter-security-2.0.4.RELEASE.jar;C:\Users\p454uej\.m2\repository\org\springframework\spring-aop\5.0.8.RELEASE\spring-aop-5.0.8.RELEASE.jar;C:\Users\p454uej\.m2\repository\org\springframework\spring-beans\5.0.8.RELEASE\spring-beans-5.0.8.RELEASE.jar;C:\Users\p454uej\.m2\repository\org\springframework\security\spring-security-config\5.0.7.RELEASE\spring-security-config-5.0.7.RELEASE.jar;C:\Users\p454uej\.m2\repository\org\springframework\security\spring-security-core\5.0.7.RELEASE\spring-security-core-5.0.7.RELEASE.jar;C:\Users\p454uej\.m2\repository\org\springframework\spring-context\5.0.8.RELEASE\spring-context-5.0.8.RELEASE.jar;C:\Users\p454uej\.m2\repository\org\springframework\security\spring-security-web\5.0.7.RELEASE\spring-security-web-5.0.7.RELEASE.jar;C:\Users\p454uej\.m2\repository\org\springframework\spring-expression\5.0.8.RELEASE\spring-expression-5.0.8.RELEASE.jar;C:\Users\p454uej\.m2\repository\org\springframework\boot\spring-boot-starter-web-services\2.0.4.RELEASE\spring-boot-starter-web-services-2.0.4.RELEASE.jar;C:\Users\p454uej\.m2\repository\org\springframework\spring-oxm\5.0.8.RELEASE\spring-oxm-5.0.8.RELEASE.jar;C:\Users\p454uej\.m2\repository\org\springframework\ws\spring-ws-core\3.0.3.RELEASE\spring-ws-core-3.0.3.RELEASE.jar;C:\Users\p454uej\.m2\repository\org\springframework\ws\spring-xml\3.0.3.RELEASE\spring-xml-3.0.3.RELEASE.jar;C:\Users\p454uej\.m2\repository\commons-io\commons-io\2.5\commons-io-2.5.jar;"/>
    <property name="java.vm.vendor" value="IBM Corporation"/>
    <property name="com.ibm.zero.version" value="2"/>
    <property name="sun.arch.data.model" value="64"/>
    <property name="com.ibm.vm.bitmode" value="64"/>
    <property name="user.variant" value=""/>
    <property name="com.ibm.oti.vm.library.version" value="28"/>
    <property name="java.vendor.url" value="http://www.ibm.com/"/>
    <property name="user.timezone" value=""/>
    <property name="os.name" value="Windows 10"/>
    <property name="java.vm.specification.version" value="1.8"/>
    <property name="sun.java.launcher" value="SUN_STANDARD"/>
    <property name="user.country" value="FI"/>
    <property name="sun.boot.library.path" value="C:\Program Files\KELA\VALMISTAMO\ibm_jdk1.8.0_71\jre\bin\compressedrefs;C:\Program Files\KELA\VALMISTAMO\ibm_jdk1.8.0_71\jre\bin"/>
    <property name="sun.java.command" value="C:\Users\p454uej\AppData\Local\Temp\surefire3476819918569029805\surefirebooter6345546747978717399.jar C:\Users\p454uej\AppData\Local\Temp\surefire3476819918569029805 2018-08-22T09-38-23_830-jvmRun1 surefire7398420871607571455tmp surefire_05477199721772423601tmp"/>
    <property name="surefire.test.class.path" value="C:\Users\p454uej\Downloads\springrest\target\test-classes;C:\Users\p454uej\Downloads\springrest\target\classes;C:\Users\p454uej\.m2\repository\org\apache\cxf\cxf-spring-boot-starter-jaxrs\3.2.5\cxf-spring-boot-starter-jaxrs-3.2.5.jar;C:\Users\p454uej\.m2\repository\org\springframework\boot\spring-boot-starter\2.0.4.RELEASE\spring-boot-starter-2.0.4.RELEASE.jar;C:\Users\p454uej\.m2\repository\org\springframework\boot\spring-boot\2.0.4.RELEASE\spring-boot-2.0.4.RELEASE.jar;C:\Users\p454uej\.m2\repository\org\springframework\boot\spring-boot-autoconfigure\2.0.4.RELEASE\spring-boot-autoconfigure-2.0.4.RELEASE.jar;C:\Users\p454uej\.m2\repository\org\springframework\boot\spring-boot-starter-logging\2.0.4.RELEASE\spring-boot-starter-logging-2.0.4.RELEASE.jar;C:\Users\p454uej\.m2\repository\ch\qos\logback\logback-classic\1.2.3\logback-classic-1.2.3.jar;C:\Users\p454uej\.m2\repository\ch\qos\logback\logback-core\1.2.3\logback-core-1.2.3.jar;C:\Users\p454uej\.m2\repository\org\apache\logging\log4j\log4j-to-slf4j\2.10.0\log4j-to-slf4j-2.10.0.jar;C:\Users\p454uej\.m2\repository\org\apache\logging\log4j\log4j-api\2.10.0\log4j-api-2.10.0.jar;C:\Users\p454uej\.m2\repository\org\slf4j\jul-to-slf4j\1.7.25\jul-to-slf4j-1.7.25.jar;C:\Users\p454uej\.m2\repository\javax\annotation\javax.annotation-api\1.3.2\javax.annotation-api-1.3.2.jar;C:\Users\p454uej\.m2\repository\org\yaml\snakeyaml\1.19\snakeyaml-1.19.jar;C:\Users\p454uej\.m2\repository\org\springframework\boot\spring-boot-starter-web\2.0.4.RELEASE\spring-boot-starter-web-2.0.4.RELEASE.jar;C:\Users\p454uej\.m2\repository\org\springframework\boot\spring-boot-starter-json\2.0.4.RELEASE\spring-boot-starter-json-2.0.4.RELEASE.jar;C:\Users\p454uej\.m2\repository\com\fasterxml\jackson\core\jackson-databind\2.9.6\jackson-databind-2.9.6.jar;C:\Users\p454uej\.m2\repository\com\fasterxml\jackson\core\jackson-annotations\2.9.0\jackson-annotations-2.9.0.jar;C:\Users\p454uej\.m2\repository\com\fasterxml\jackson\core\jackson-core\2.9.6\jackson-core-2.9.6.jar;C:\Users\p454uej\.m2\repository\com\fasterxml\jackson\datatype\jackson-datatype-jdk8\2.9.6\jackson-datatype-jdk8-2.9.6.jar;C:\Users\p454uej\.m2\repository\com\fasterxml\jackson\datatype\jackson-datatype-jsr310\2.9.6\jackson-datatype-jsr310-2.9.6.jar;C:\Users\p454uej\.m2\repository\com\fasterxml\jackson\module\jackson-module-parameter-names\2.9.6\jackson-module-parameter-names-2.9.6.jar;C:\Users\p454uej\.m2\repository\org\springframework\boot\spring-boot-starter-tomcat\2.0.4.RELEASE\spring-boot-starter-tomcat-2.0.4.RELEASE.jar;C:\Users\p454uej\.m2\repository\org\apache\tomcat\embed\tomcat-embed-core\8.5.32\tomcat-embed-core-8.5.32.jar;C:\Users\p454uej\.m2\repository\org\apache\tomcat\embed\tomcat-embed-el\8.5.32\tomcat-embed-el-8.5.32.jar;C:\Users\p454uej\.m2\repository\org\apache\tomcat\embed\tomcat-embed-websocket\8.5.32\tomcat-embed-websocket-8.5.32.jar;C:\Users\p454uej\.m2\repository\org\hibernate\validator\hibernate-validator\6.0.11.Final\hibernate-validator-6.0.11.Final.jar;C:\Users\p454uej\.m2\repository\org\jboss\logging\jboss-logging\3.3.2.Final\jboss-logging-3.3.2.Final.jar;C:\Users\p454uej\.m2\repository\com\fasterxml\classmate\1.3.4\classmate-1.3.4.jar;C:\Users\p454uej\.m2\repository\org\springframework\spring-web\5.0.8.RELEASE\spring-web-5.0.8.RELEASE.jar;C:\Users\p454uej\.m2\repository\org\springframework\spring-webmvc\5.0.8.RELEASE\spring-webmvc-5.0.8.RELEASE.jar;C:\Users\p454uej\.m2\repository\org\apache\cxf\cxf-spring-boot-autoconfigure\3.2.5\cxf-spring-boot-autoconfigure-3.2.5.jar;C:\Users\p454uej\.m2\repository\org\apache\cxf\cxf-rt-transports-http\3.2.5\cxf-rt-transports-http-3.2.5.jar;C:\Users\p454uej\.m2\repository\org\apache\cxf\cxf-core\3.2.5\cxf-core-3.2.5.jar;C:\Users\p454uej\.m2\repository\com\fasterxml\woodstox\woodstox-core\5.0.3\woodstox-core-5.0.3.jar;C:\Users\p454uej\.m2\repository\org\codehaus\woodstox\stax2-api\3.1.4\stax2-api-3.1.4.jar;C:\Users\p454uej\.m2\repository\org\apache\ws\xmlschema\xmlschema-core\2.2.3\xmlschema-core-2.2.3.jar;C:\Users\p454uej\.m2\repository\org\apache\cxf\cxf-rt-frontend-jaxrs\3.2.5\cxf-rt-frontend-jaxrs-3.2.5.jar;C:\Users\p454uej\.m2\repository\javax\ws\rs\javax.ws.rs-api\2.1\javax.ws.rs-api-2.1.jar;C:\Users\p454uej\.m2\repository\org\apache\cxf\cxf-rt-rs-client\3.2.5\cxf-rt-rs-client-3.2.5.jar;C:\Users\p454uej\.m2\repository\javax\validation\validation-api\2.0.1.Final\validation-api-2.0.1.Final.jar;C:\Users\p454uej\.m2\repository\xalan\xalan\2.7.2\xalan-2.7.2.jar;C:\Users\p454uej\.m2\repository\xalan\serializer\2.7.2\serializer-2.7.2.jar;C:\Users\p454uej\.m2\repository\org\springframework\boot\spring-boot-starter-test\2.0.4.RELEASE\spring-boot-starter-test-2.0.4.RELEASE.jar;C:\Users\p454uej\.m2\repository\org\springframework\boot\spring-boot-test\2.0.4.RELEASE\spring-boot-test-2.0.4.RELEASE.jar;C:\Users\p454uej\.m2\repository\org\springframework\boot\spring-boot-test-autoconfigure\2.0.4.RELEASE\spring-boot-test-autoconfigure-2.0.4.RELEASE.jar;C:\Users\p454uej\.m2\repository\com\jayway\jsonpath\json-path\2.4.0\json-path-2.4.0.jar;C:\Users\p454uej\.m2\repository\net\minidev\json-smart\2.3\json-smart-2.3.jar;C:\Users\p454uej\.m2\repository\net\minidev\accessors-smart\1.2\accessors-smart-1.2.jar;C:\Users\p454uej\.m2\repository\org\ow2\asm\asm\5.0.4\asm-5.0.4.jar;C:\Users\p454uej\.m2\repository\org\slf4j\slf4j-api\1.7.25\slf4j-api-1.7.25.jar;C:\Users\p454uej\.m2\repository\junit\junit\4.12\junit-4.12.jar;C:\Users\p454uej\.m2\repository\org\assertj\assertj-core\3.9.1\assertj-core-3.9.1.jar;C:\Users\p454uej\.m2\repository\org\mockito\mockito-core\2.15.0\mockito-core-2.15.0.jar;C:\Users\p454uej\.m2\repository\net\bytebuddy\byte-buddy\1.7.11\byte-buddy-1.7.11.jar;C:\Users\p454uej\.m2\repository\net\bytebuddy\byte-buddy-agent\1.7.11\byte-buddy-agent-1.7.11.jar;C:\Users\p454uej\.m2\repository\org\objenesis\objenesis\2.6\objenesis-2.6.jar;C:\Users\p454uej\.m2\repository\org\hamcrest\hamcrest-core\1.3\hamcrest-core-1.3.jar;C:\Users\p454uej\.m2\repository\org\hamcrest\hamcrest-library\1.3\hamcrest-library-1.3.jar;C:\Users\p454uej\.m2\repository\org\skyscreamer\jsonassert\1.5.0\jsonassert-1.5.0.jar;C:\Users\p454uej\.m2\repository\com\vaadin\external\google\android-json\0.0.20131108.vaadin1\android-json-0.0.20131108.vaadin1.jar;C:\Users\p454uej\.m2\repository\org\springframework\spring-core\5.0.8.RELEASE\spring-core-5.0.8.RELEASE.jar;C:\Users\p454uej\.m2\repository\org\springframework\spring-jcl\5.0.8.RELEASE\spring-jcl-5.0.8.RELEASE.jar;C:\Users\p454uej\.m2\repository\org\springframework\spring-test\5.0.8.RELEASE\spring-test-5.0.8.RELEASE.jar;C:\Users\p454uej\.m2\repository\org\xmlunit\xmlunit-core\2.5.1\xmlunit-core-2.5.1.jar;C:\Users\p454uej\.m2\repository\org\springframework\boot\spring-boot-starter-security\2.0.4.RELEASE\spring-boot-starter-security-2.0.4.RELEASE.jar;C:\Users\p454uej\.m2\repository\org\springframework\spring-aop\5.0.8.RELEASE\spring-aop-5.0.8.RELEASE.jar;C:\Users\p454uej\.m2\repository\org\springframework\spring-beans\5.0.8.RELEASE\spring-beans-5.0.8.RELEASE.jar;C:\Users\p454uej\.m2\repository\org\springframework\security\spring-security-config\5.0.7.RELEASE\spring-security-config-5.0.7.RELEASE.jar;C:\Users\p454uej\.m2\repository\org\springframework\security\spring-security-core\5.0.7.RELEASE\spring-security-core-5.0.7.RELEASE.jar;C:\Users\p454uej\.m2\repository\org\springframework\spring-context\5.0.8.RELEASE\spring-context-5.0.8.RELEASE.jar;C:\Users\p454uej\.m2\repository\org\springframework\security\spring-security-web\5.0.7.RELEASE\spring-security-web-5.0.7.RELEASE.jar;C:\Users\p454uej\.m2\repository\org\springframework\spring-expression\5.0.8.RELEASE\spring-expression-5.0.8.RELEASE.jar;C:\Users\p454uej\.m2\repository\org\springframework\boot\spring-boot-starter-web-services\2.0.4.RELEASE\spring-boot-starter-web-services-2.0.4.RELEASE.jar;C:\Users\p454uej\.m2\repository\org\springframework\spring-oxm\5.0.8.RELEASE\spring-oxm-5.0.8.RELEASE.jar;C:\Users\p454uej\.m2\repository\org\springframework\ws\spring-ws-core\3.0.3.RELEASE\spring-ws-core-3.0.3.RELEASE.jar;C:\Users\p454uej\.m2\repository\org\springframework\ws\spring-xml\3.0.3.RELEASE\spring-xml-3.0.3.RELEASE.jar;C:\Users\p454uej\.m2\repository\commons-io\commons-io\2.5\commons-io-2.5.jar;"/>
    <property name="com.ibm.packed.version" value="2"/>
    <property name="sun.cpu.endian" value="little"/>
    <property name="user.home" value="C:\Users\p454uej"/>
    <property name="user.language" value="fi"/>
    <property name="java.specification.vendor" value="Oracle Corporation"/>
    <property name="java.home" value="C:\Program Files\KELA\VALMISTAMO\ibm_jdk1.8.0_71\jre"/>
    <property name="ibm.signalhandling.rs" value="false"/>
    <property name="file.separator" value="\"/>
    <property name="basedir" value="C:\Users\p454uej\Downloads\springrest"/>
    <property name="line.separator" value="&#10;"/>
    <property name="java.vm.specification.vendor" value="Oracle Corporation"/>
    <property name="java.specification.name" value="Java Platform API Specification"/>
    <property name="java.compiler" value="j9jit28"/>
    <property name="com.ibm.util.extralibs.properties" value=""/>
    <property name="java.awt.graphicsenv" value="sun.awt.Win32GraphicsEnvironment"/>
    <property name="com.ibm.oti.configuration" value="scar"/>
    <property name="surefire.real.class.path" value="C:\Users\p454uej\AppData\Local\Temp\surefire3476819918569029805\surefirebooter6345546747978717399.jar"/>
    <property name="com.ibm.oti.shared.enabled" value="false"/>
    <property name="sun.boot.class.path" value="C:\Program Files\KELA\VALMISTAMO\ibm_jdk1.8.0_71\jre\bin\compressedrefs\jclSC180\vm.jar;C:\Program Files\KELA\VALMISTAMO\ibm_jdk1.8.0_71\jre\lib\se-service.jar;C:\Program Files\KELA\VALMISTAMO\ibm_jdk1.8.0_71\jre\lib\cuda4j.jar;C:\Program Files\KELA\VALMISTAMO\ibm_jdk1.8.0_71\jre\lib\math.jar;C:\Program Files\KELA\VALMISTAMO\ibm_jdk1.8.0_71\jre\lib\ibmorb.jar;C:\Program Files\KELA\VALMISTAMO\ibm_jdk1.8.0_71\jre\lib\ibmorbapi.jar;C:\Program Files\KELA\VALMISTAMO\ibm_jdk1.8.0_71\jre\lib\ibmcfw.jar;C:\Program Files\KELA\VALMISTAMO\ibm_jdk1.8.0_71\jre\lib\ibmpkcs.jar;C:\Program Files\KELA\VALMISTAMO\ibm_jdk1.8.0_71\jre\lib\ibmcertpathfw.jar;C:\Program Files\KELA\VALMISTAMO\ibm_jdk1.8.0_71\jre\lib\ibmjgssfw.jar;C:\Program Files\KELA\VALMISTAMO\ibm_jdk1.8.0_71\jre\lib\ibmjssefw.jar;C:\Program Files\KELA\VALMISTAMO\ibm_jdk1.8.0_71\jre\lib\ibmsaslfw.jar;C:\Program Files\KELA\VALMISTAMO\ibm_jdk1.8.0_71\jre\lib\ibmjcefw.jar;C:\Program Files\KELA\VALMISTAMO\ibm_jdk1.8.0_71\jre\lib\ibmjgssprovider.jar;C:\Program Files\KELA\VALMISTAMO\ibm_jdk1.8.0_71\jre\lib\ibmjsseprovider2.jar;C:\Program Files\KELA\VALMISTAMO\ibm_jdk1.8.0_71\jre\lib\ibmcertpathprovider.jar;C:\Program Files\KELA\VALMISTAMO\ibm_jdk1.8.0_71\jre\lib\xmldsigfw.jar;C:\Program Files\KELA\VALMISTAMO\ibm_jdk1.8.0_71\jre\lib\xml.jar;C:\Program Files\KELA\VALMISTAMO\ibm_jdk1.8.0_71\jre\lib\charsets.jar;C:\Program Files\KELA\VALMISTAMO\ibm_jdk1.8.0_71\jre\lib\resources.jar;C:\Program Files\KELA\VALMISTAMO\ibm_jdk1.8.0_71\jre\lib\rt.jar;C:\Program Files\KELA\VALMISTAMO\ibm_jdk1.8.0_71\jre\lib\dataaccess.jar;C:\Program Files\KELA\VALMISTAMO\ibm_jdk1.8.0_71\jre\lib\ibmgpu.jar"/>
    <property name="com.ibm.oti.vm.bootstrap.library.path" value="C:\Program Files\KELA\VALMISTAMO\ibm_jdk1.8.0_71\jre\bin\compressedrefs;C:\Program Files\KELA\VALMISTAMO\ibm_jdk1.8.0_71\jre\bin"/>
    <property name="com.ibm.cpu.endian" value="little"/>
    <property name="java.fullversion" value="JRE 1.8.0 IBM J9 2.8 Windows 10 amd64-64 Compressed References 20160106_284759 (JIT enabled, AOT enabled)&#10;J9VM - R28_20160106_1341_B284759&#10;JIT  - tr.r14.java_20151209_107110.02&#10;GC   - R28_20160106_1341_B284759_CMPRSS&#10;J9CL - 20160106_284759"/>
    <property name="java.runtime.version" value="pwa6480sr2fp10-20160108_01 (SR2 FP10)"/>
    <property name="user.name" value="p454uej"/>
    <property name="path.separator" value=";"/>
    <property name="os.version" value="10.0"/>
    <property name="java.endorsed.dirs" value="C:\Program Files\KELA\VALMISTAMO\ibm_jdk1.8.0_71\jre\lib\endorsed"/>
    <property name="java.runtime.name" value="Java(TM) SE Runtime Environment"/>
    <property name="ibm.signalhandling.sigint" value="true"/>
    <property name="file.encoding" value="Cp1252"/>
    <property name="java.vm.name" value="IBM J9 VM"/>
    <property name="ibm.signalhandling.sigchain" value="true"/>
    <property name="localRepository" value="C:\Users\p454uej\.m2\repository"/>
    <property name="java.io.tmpdir" value="C:\Users\p454uej\AppData\Local\Temp\"/>
    <property name="java.version" value="1.8.0"/>
    <property name="com.ibm.system.agent.path" value="C:\Program Files\KELA\VALMISTAMO\ibm_jdk1.8.0_71\jre\bin"/>
    <property name="user.dir" value="C:\Users\p454uej\Downloads\springrest"/>
    <property name="os.arch" value="amd64"/>
    <property name="java.vm.specification.name" value="Java Virtual Machine Specification"/>
    <property name="java.awt.printerjob" value="sun.awt.windows.WPrinterJob"/>
    <property name="os.encoding" value="UTF8"/>
    <property name="console.encoding" value="Cp850"/>
    <property name="com.ibm.oti.jcl.build" value="20160106_284759"/>
    <property name="java.library.path" value="C:\Program Files\KELA\VALMISTAMO\ibm_jdk1.8.0_71\jre\bin\compressedrefs;C:\Program Files\KELA\VALMISTAMO\ibm_jdk1.8.0_71\jre\bin;C:\WINDOWS\system32;C:\WINDOWS;C:\Program Files (x86)\Common Files\Oracle\Java\javapath;C:\WINDOWS\system32;C:\WINDOWS;C:\WINDOWS\System32\Wbem;C:\WINDOWS\System32\WindowsPowerShell\v1.0\;C:\Program Files (x86)\Java\jre8\bin;C:\Program Files (x86)\IBM\Personal Communications\;C:\Program Files (x86)\IBM\Trace Facility\;C:\Program Files\Kela\util\7za;C:\Program Files (x86)\cvsnt;C:\WINDOWS\system32\config\systemprofile\AppData\Local\Microsoft\WindowsApps;C:\Program Files (x86)\Quick3270 Secure;C:\Program Files (x86)\PuTTY\;C:\Program Files\Git\cmd;C:\WINDOWS\system32;C:\WINDOWS;C:\WINDOWS\System32\Wbem;C:\WINDOWS\System32\WindowsPowerShell\v1.0\;C:\Program Files (x86)\Common Files\Oracle\Java\javapath;C:\WINDOWS\system32;C:\WINDOWS;C:\WINDOWS\System32\Wbem;C:\WINDOWS\System32\WindowsPowerShell\v1.0\;C:\Program Files (x86)\Java\jre8\bin;C:\Program Files (x86)\IBM\Personal Communications\;C:\Program Files (x86)\IBM\Trace Facility\;C:\Program Files\Kela\util\7za;C:\Program Files (x86)\cvsnt;C:\WINDOWS\system32\config\systemprofile\AppData\Local\Microsoft\WindowsApps;C:\Program Files (x86)\Quick3270 Secure;C:\Program Files (x86)\PuTTY\;C:\Program Files\Git\cmd;C:\WINDOWS\system32;C:\WINDOWS;C:\WINDOWS\System32\Wbem;C:\WINDOWS\System32\WindowsPowerShell\v1.0\;C:\Program Files\KELA\VALMISTAMO\ibm_jdk1.8.0_71\bin;C:\Program Files\KELA\VALMISTAMO\apache-maven-3.5.2\bin;C:\Users\p454uej\AppData\Local\Microsoft\WindowsApps;;."/>
    <property name="java.vendor" value="IBM Corporation"/>
    <property name="java.vm.info" value="JRE 1.8.0 Windows 10 amd64-64 Compressed References 20160106_284759 (JIT enabled, AOT enabled)&#10;J9VM - R28_20160106_1341_B284759&#10;JIT  - tr.r14.java_20151209_107110.02&#10;GC   - R28_20160106_1341_B284759_CMPRSS&#10;J9CL - 20160106_284759"/>
    <property name="java.vm.version" value="2.8"/>
    <property name="com.ibm.jcl.checkClassPath" value=""/>
    <property name="ibm.system.encoding" value="Cp1252"/>
    <property name="sun.io.unicode.encoding" value="UnicodeLittle"/>
    <property name="java.ext.dirs" value="C:\Program Files\KELA\VALMISTAMO\ibm_jdk1.8.0_71\jre\lib\ext"/>
    <property name="java.class.version" value="52.0"/>
  </properties>
  <testcase name="contextLoads" classname="org.foo.bar.springrest.SpringrestApplicationTests" time="0.106"/>
</testsuite>